<?xml version="1.0" encoding="UTF-8"?>
<testng-results ignored="0" total="4" passed="4" failed="0" skipped="0">
  <reporter-output>
  </reporter-output>
  <suite started-at="2024-01-29T15:20:20 ICT" name="Default suite" finished-at="2024-01-29T15:21:15 ICT" duration-ms="54428">
    <groups>
    </groups>
    <test started-at="2024-01-29T15:20:20 ICT" name="Default test" finished-at="2024-01-29T15:21:15 ICT" duration-ms="54428">
      <class name="sprint1.Day13_BTVN">
        <test-method is-config="true" signature="beforeTest()[pri:0, instance:sprint1.Day13_BTVN@7bd4937b]" started-at="2024-01-29T15:20:20 ICT" name="beforeTest" finished-at="2024-01-29T15:20:20 ICT" duration-ms="7" status="PASS">
          <reporter-output>
          </reporter-output>
        </test-method> <!-- beforeTest -->
        <test-method is-config="true" signature="beforeMethod()[pri:0, instance:sprint1.Day13_BTVN@7bd4937b]" started-at="2024-01-29T15:20:20 ICT" name="beforeMethod" finished-at="2024-01-29T15:20:28 ICT" duration-ms="7710" status="PASS">
          <reporter-output>
          </reporter-output>
        </test-method> <!-- beforeMethod -->
        <test-method signature="Testcase1_CorrectUser()[pri:0, instance:sprint1.Day13_BTVN@7bd4937b]" started-at="2024-01-29T15:20:28 ICT" name="Testcase1_CorrectUser" finished-at="2024-01-29T15:20:33 ICT" duration-ms="4873" status="PASS">
          <reporter-output>
          </reporter-output>
        </test-method> <!-- Testcase1_CorrectUser -->
        <test-method is-config="true" signature="afterMethod()[pri:0, instance:sprint1.Day13_BTVN@7bd4937b]" started-at="2024-01-29T15:20:33 ICT" name="afterMethod" finished-at="2024-01-29T15:20:33 ICT" duration-ms="356" status="PASS">
          <reporter-output>
          </reporter-output>
        </test-method> <!-- afterMethod -->
        <test-method is-config="true" signature="beforeMethod()[pri:0, instance:sprint1.Day13_BTVN@7bd4937b]" started-at="2024-01-29T15:20:33 ICT" name="beforeMethod" finished-at="2024-01-29T15:20:40 ICT" duration-ms="7061" status="PASS">
          <reporter-output>
          </reporter-output>
        </test-method> <!-- beforeMethod -->
        <test-method signature="Testcase1_InCorrectUser()[pri:0, instance:sprint1.Day13_BTVN@7bd4937b]" started-at="2024-01-29T15:20:40 ICT" name="Testcase1_InCorrectUser" finished-at="2024-01-29T15:20:45 ICT" duration-ms="4683" status="PASS">
          <reporter-output>
          </reporter-output>
        </test-method> <!-- Testcase1_InCorrectUser -->
        <test-method is-config="true" signature="afterMethod()[pri:0, instance:sprint1.Day13_BTVN@7bd4937b]" started-at="2024-01-29T15:20:45 ICT" name="afterMethod" finished-at="2024-01-29T15:20:45 ICT" duration-ms="255" status="PASS">
          <reporter-output>
          </reporter-output>
        </test-method> <!-- afterMethod -->
        <test-method is-config="true" signature="beforeMethod()[pri:0, instance:sprint1.Day13_BTVN@7bd4937b]" started-at="2024-01-29T15:20:45 ICT" name="beforeMethod" finished-at="2024-01-29T15:20:52 ICT" duration-ms="6895" status="PASS">
          <reporter-output>
          </reporter-output>
        </test-method> <!-- beforeMethod -->
        <test-method signature="Testcase1_InCorrectUserAndPass()[pri:0, instance:sprint1.Day13_BTVN@7bd4937b]" started-at="2024-01-29T15:20:52 ICT" name="Testcase1_InCorrectUserAndPass" finished-at="2024-01-29T15:20:57 ICT" duration-ms="4812" status="PASS">
          <reporter-output>
          </reporter-output>
        </test-method> <!-- Testcase1_InCorrectUserAndPass -->
        <test-method is-config="true" signature="afterMethod()[pri:0, instance:sprint1.Day13_BTVN@7bd4937b]" started-at="2024-01-29T15:20:57 ICT" name="afterMethod" finished-at="2024-01-29T15:20:57 ICT" duration-ms="260" status="PASS">
          <reporter-output>
          </reporter-output>
        </test-method> <!-- afterMethod -->
        <test-method is-config="true" signature="beforeMethod()[pri:0, instance:sprint1.Day13_BTVN@7bd4937b]" started-at="2024-01-29T15:20:57 ICT" name="beforeMethod" finished-at="2024-01-29T15:21:09 ICT" duration-ms="11472" status="PASS">
          <reporter-output>
          </reporter-output>
        </test-method> <!-- beforeMethod -->
        <test-method signature="Testcase1_Logout()[pri:0, instance:sprint1.Day13_BTVN@7bd4937b]" started-at="2024-01-29T15:21:09 ICT" name="Testcase1_Logout" finished-at="2024-01-29T15:21:14 ICT" duration-ms="5669" status="PASS">
          <reporter-output>
          </reporter-output>
        </test-method> <!-- Testcase1_Logout -->
        <test-method is-config="true" signature="afterMethod()[pri:0, instance:sprint1.Day13_BTVN@7bd4937b]" started-at="2024-01-29T15:21:14 ICT" name="afterMethod" finished-at="2024-01-29T15:21:15 ICT" duration-ms="344" status="PASS">
          <reporter-output>
          </reporter-output>
        </test-method> <!-- afterMethod -->
        <test-method is-config="true" signature="afterTest()[pri:0, instance:sprint1.Day13_BTVN@7bd4937b]" started-at="2024-01-29T15:21:15 ICT" name="afterTest" finished-at="2024-01-29T15:21:15 ICT" duration-ms="0" status="PASS">
          <reporter-output>
          </reporter-output>
        </test-method> <!-- afterTest -->
      </class> <!-- sprint1.Day13_BTVN -->
    </test> <!-- Default test -->
  </suite> <!-- Default suite -->
</testng-results>
