<?xml version="1.0" encoding="UTF-8"?>
<!-- Generated by org.testng.reporters.JUnitXMLReporter -->
<testsuite ignored="0" hostname="DESKTOP-Q0IB3LN" failures="0" tests="4" name="Default test" time="54.428" errors="0" timestamp="2024-01-29T15:21:15 ICT">
  <testcase classname="sprint1.Day13_BTVN" name="Testcase1_CorrectUser" time="4.873"/>
  <testcase classname="sprint1.Day13_BTVN" name="Testcase1_InCorrectUser" time="4.683"/>
  <testcase classname="sprint1.Day13_BTVN" name="Testcase1_InCorrectUserAndPass" time="4.812"/>
  <testcase classname="sprint1.Day13_BTVN" name="Testcase1_Logout" time="5.669"/>
</testsuite> <!-- Default test -->
